<?xml version="1.0" encoding="UTF-8"?>
<testng-results skipped="0" failed="0" total="2" passed="2">
  <reporter-output>
  </reporter-output>
  <suite name="Default suite" duration-ms="9848" started-at="2019-12-30T05:52:06Z" finished-at="2019-12-30T05:52:15Z">
    <groups>
    </groups>
    <test name="Default test" duration-ms="9848" started-at="2019-12-30T05:52:06Z" finished-at="2019-12-30T05:52:15Z">
      <class name="com.com.orangehrmlive.Google">
        <test-method status="PASS" signature="openBrowser()[pri:1, instance:com.com.orangehrmlive.Google@3c756e4d]" name="openBrowser" duration-ms="8464" started-at="2019-12-30T11:22:06Z" finished-at="2019-12-30T11:22:14Z">
          <reporter-output>
          </reporter-output>
        </test-method> <!-- openBrowser -->
        <test-method status="PASS" signature="LoginTest()[pri:2, instance:com.com.orangehrmlive.Google@3c756e4d]" name="LoginTest" duration-ms="1363" started-at="2019-12-30T11:22:14Z" finished-at="2019-12-30T11:22:15Z">
          <reporter-output>
          </reporter-output>
        </test-method> <!-- LoginTest -->
      </class> <!-- com.com.orangehrmlive.Google -->
    </test> <!-- Default test -->
  </suite> <!-- Default suite -->
</testng-results>
